\BOOKMARK [0][-]{chapter.1}{\376\377\176\352\213\272}{}% 1
\BOOKMARK [1][-]{section.1.1}{\376\377\220\011\230\230\200\314\146\157\116\016\141\017\116\111}{chapter.1}% 2
\BOOKMARK [1][-]{section.1.2}{\376\377\126\375\121\205\131\026\170\024\172\166\163\260\162\266\124\214\166\370\121\163\135\345\117\134}{chapter.1}% 3
\BOOKMARK [1][-]{section.1.3}{\376\377\147\054\145\207\166\204\170\024\172\166\121\205\133\271\116\016\116\073\211\201\135\345\117\134}{chapter.1}% 4
\BOOKMARK [1][-]{section.1.4}{\376\377\147\054\145\207\166\204\213\272\145\207\176\323\147\204\116\016\172\340\202\202\133\211\143\222}{chapter.1}% 5
\BOOKMARK [0][-]{chapter.2}{\376\377\166\370\121\163\135\345\117\134}{}% 6
\BOOKMARK [1][-]{section.2.1}{\376\377\217\320\122\250\221\315\133\232\124\021}{chapter.2}% 7
\BOOKMARK [1][-]{section.2.2}{\376\377\127\372\116\216\117\030\123\026\166\204\145\271\154\325}{chapter.2}% 8
\BOOKMARK [1][-]{section.2.3}{\376\377\127\372\116\216\133\146\116\140\166\204\145\271\154\325}{chapter.2}% 9
\BOOKMARK [1][-]{section.2.4}{\376\377\176\323\124\010\116\206\117\030\123\026\116\016\133\146\116\140\166\204\145\271\154\325}{chapter.2}% 10
\BOOKMARK [1][-]{section.2.5}{\376\377\145\366\225\364\117\341\140\157\166\204\221\315\211\201\140\047}{chapter.2}% 11
\BOOKMARK [1][-]{section.2.6}{\376\377\000T\000r\000a\000n\000s\000f\000o\000r\000m\000e\000r\147\266\147\204\173\200\217\360}{chapter.2}% 12
\BOOKMARK [1][-]{section.2.7}{\376\377\000T\000r\000a\000n\000s\000f\000o\000r\000m\000e\000r\147\266\147\204\127\050\116\272\117\123\232\250\232\274\160\271\136\217\122\027\116\055\166\204\136\224\165\050}{chapter.2}% 13
\BOOKMARK [1][-]{section.2.8}{\376\377\147\054\172\340\134\017\176\323}{chapter.2}% 14
\BOOKMARK [0][-]{chapter.3}{\376\377\127\372\116\216\145\366\172\172\000T\000r\000a\000n\000s\000f\000o\000r\000m\000e\000r\166\204\217\320\122\250\221\315\133\232\124\021\145\271\154\325}{}% 15
\BOOKMARK [1][-]{section.3.1}{\376\377\000P\000o\000s\000e\000f\000o\000r\000m\000e\000r\000V\0001}{chapter.3}% 16
\BOOKMARK [1][-]{section.3.2}{\376\377\000T\000r\000a\000n\000s\000R\000e\000t\000a\000r\000g\000e\000t\145\271\154\325\140\073\211\310}{chapter.3}% 17
\BOOKMARK [1][-]{section.3.3}{\376\377\116\272\142\113\127\120\150\007\174\373\176\337\116\000}{chapter.3}% 18
\BOOKMARK [1][-]{section.3.4}{\376\377\172\172\225\364\177\026\170\001\126\150}{chapter.3}% 19
\BOOKMARK [1][-]{section.3.5}{\376\377\145\366\225\364\177\026\170\001\126\150}{chapter.3}% 20
\BOOKMARK [1][-]{section.3.6}{\376\377\126\336\137\122\131\064}{chapter.3}% 21
\BOOKMARK [1][-]{section.3.7}{\376\377\217\320\122\250\133\146\152\041\127\127}{chapter.3}% 22
\BOOKMARK [1][-]{section.3.8}{\376\377\143\137\131\061\121\375\145\160\213\276\213\241}{chapter.3}% 23
\BOOKMARK [1][-]{section.3.9}{\376\377\147\054\172\340\134\017\176\323}{chapter.3}% 24
\BOOKMARK [0][-]{chapter.4}{\376\377\133\236\232\214\220\350\122\006}{}% 25
\BOOKMARK [1][-]{section.4.1}{\376\377\133\236\232\214\221\115\177\156}{chapter.4}% 26
\BOOKMARK [1][-]{section.4.2}{\376\377\116\015\124\014\145\271\154\325\166\204\133\371\153\324\133\236\232\214}{chapter.4}% 27
\BOOKMARK [1][-]{section.4.3}{\376\377\155\210\207\215\133\236\232\214}{chapter.4}% 28
\BOOKMARK [1][-]{section.4.4}{\376\377\000T\000r\000a\000n\000s\000f\000o\000r\000m\000e\000r\176\323\147\204\117\134\165\050\123\357\211\306\123\026}{chapter.4}% 29
\BOOKMARK [1][-]{section.4.5}{\376\377\131\032\136\163\123\360\133\236\232\214}{chapter.4}% 30
\BOOKMARK [1][-]{section.4.6}{\376\377\123\125\147\072\163\260\133\236\116\026\165\114\155\113\213\325}{chapter.4}% 31
\BOOKMARK [1][-]{section.4.7}{\376\377\147\054\172\340\134\017\176\323}{chapter.4}% 32
\BOOKMARK [0][-]{chapter.5}{\376\377\221\315\133\232\124\021\124\016\166\204\116\244\116\222\137\072\123\026}{}% 33
\BOOKMARK [1][-]{section.5.1}{\376\377\166\364\143\245\117\177\165\050\221\315\133\232\124\021\176\323\147\234\166\204\177\072\226\167}{chapter.5}% 34
\BOOKMARK [1][-]{section.5.2}{\376\377\127\372\116\216\000V\000L\000M\166\204\166\356\150\007\142\223\123\326\122\233\230\204\155\113}{chapter.5}% 35
\BOOKMARK [1][-]{section.5.3}{\376\377\127\372\116\216\122\233\167\351\123\315\231\210\166\204\137\072\123\026\133\146\116\140}{chapter.5}% 36
\BOOKMARK [0][-]{chapter.6}{\376\377\140\073\176\323\116\016\134\125\147\033}{}% 37
\BOOKMARK [1][-]{section.6.1}{\376\377\135\345\117\134\140\073\176\323}{chapter.6}% 38
\BOOKMARK [1][-]{section.6.2}{\376\377\170\024\172\166\134\125\147\033}{chapter.6}% 39
\BOOKMARK [0][-]{chapter*.18}{\376\377\123\302\200\003\145\207\163\056}{}% 40
\BOOKMARK [0][-]{chapter*.19}{\376\377\201\364\214\042}{}% 41
